The system is: Windows - 10.0.19045 - AMD64
Compiling the CXX compiler identification source file "CMakeCXXCompilerId.cpp" succeeded.
Compiler: C:/Program Files/Microsoft Visual Studio/2022/Professional/VC/Tools/MSVC/14.37.32822/bin/HostX64/x64/cl.exe 
Build flags: -DQT_QML_DEBUG
Id flags:  

The output was:
0
Microsoft (R) C/C++-Optimierungscompiler Version 19.37.32822 für x64
Copyright (C) Microsoft Corporation. Alle Rechte vorbehalten.

CMakeCXXCompilerId.cpp
Microsoft (R) Incremental Linker Version 14.37.32822.0
Copyright (C) Microsoft Corporation.  All rights reserved.

/out:CMakeCXXCompilerId.exe 
CMakeCXXCompilerId.obj 


Compilation of the CXX compiler identification source "CMakeCXXCompilerId.cpp" produced "CMakeCXXCompilerId.exe"

Compilation of the CXX compiler identification source "CMakeCXXCompilerId.cpp" produced "CMakeCXXCompilerId.obj"

The CXX compiler identification is MSVC, found in "C:/Users/rpc/Documents/build-untitled3-Desktop_Qt_5_14_2_MSVC2017_64bit-Debug/CMakeFiles/3.24.2/CompilerIdCXX/CMakeCXXCompilerId.exe"

Detecting CXX compiler ABI info compiled with the following output:
Change Dir: C:/Users/rpc/Documents/build-untitled3-Desktop_Qt_5_14_2_MSVC2017_64bit-Debug/CMakeFiles/CMakeTmp

Run Build Command(s):C:/PROGRA~1/MICROS~1/2022/PROFES~1/Common7/IDE/COMMON~1/MICROS~1/CMake/Ninja/ninja.exe cmTC_91fea && [1/2] Building CXX object CMakeFiles\cmTC_91fea.dir\CMakeCXXCompilerABI.cpp.obj
[2/2] Linking CXX executable cmTC_91fea.exe



